<testsuites id="" name="" tests="2" failures="0" skipped="0" errors="0" time="22.862123">
<testsuite name="universal-content-editor-homepage-integration-video-proof.spec.js" timestamp="2025-07-15T13:47:13.120Z" hostname="chromium" tests="2" failures="0" skipped="0" time="22.194" errors="0">
<testcase name="UniversalContentEditor 主頁整合錄影證明 › 完整UniversalContentEditor主頁整合功能演示---從主頁開始" classname="universal-content-editor-homepage-integration-video-proof.spec.js" time="18.851">
<system-out>
<![CDATA[🎬 開始錄製 UniversalContentEditor 主頁整合演示...
📍 第1步：訪問 EduCreate 主頁
❌ 控制台錯誤: Failed to load resource: the server responded with a status of 404 (Not Found)
📄 頁面標題: EduCreate - 記憶科學驅動的智能教育遊戲平台
📍 第2步：驗證主頁核心元素
🎯 主標題: EduCreate
✅ 統一導航系統已載入
📍 第3步：尋找統一內容編輯器功能卡片
✅ 找到統一內容編輯器功能卡片
✅ 功能卡片內容驗證通過
📍 第4步：檢查快速訪問區域的統一內容編輯器按鈕
✅ 快速訪問按鈕驗證通過
📍 第5步：點擊功能卡片進入統一內容編輯器
🖱️ 已點擊統一內容編輯器功能卡片
📍 第6步：驗證統一內容編輯器頁面載入
🌐 當前 URL: http://localhost:3000/universal-game
❌ 控制台錯誤: Failed to load resource: the server responded with a status of 404 (Not Found)
❌ 控制台錯誤: ❌ Service Worker 註冊失敗: TypeError: _lib_utils_performanceMonitor__WEBPACK_IMPORTED_MODULE_7__.perf.mark is not a function
    at eval (webpack-internal:///./pages/_app.tsx:46:81)
❌ 控制台錯誤: ❌ Service Worker 註冊失敗: TypeError: _lib_utils_performanceMonitor__WEBPACK_IMPORTED_MODULE_7__.perf.mark is not a function
    at eval (webpack-internal:///./pages/_app.tsx:46:81)
✅ 找到 h1, h2, h3: 5 個元素
✅ 找到 button, input, textarea: 61 個元素
📊 統一內容編輯器頁面元素檢查: 2/4 類型元素存在
📍 第7步：測試返回主頁功能
⚠️ 未找到返回連結，直接導航回主頁
📍 第8步：測試快速訪問按鈕功能
🖱️ 已點擊快速訪問按鈕
❌ 控制台錯誤: Failed to load resource: the server responded with a status of 404 (Not Found)
❌ 控制台錯誤: ❌ Service Worker 註冊失敗: TypeError: _lib_utils_performanceMonitor__WEBPACK_IMPORTED_MODULE_7__.perf.mark is not a function
    at eval (webpack-internal:///./pages/_app.tsx:46:81)
❌ 控制台錯誤: ❌ Service Worker 註冊失敗: TypeError: _lib_utils_performanceMonitor__WEBPACK_IMPORTED_MODULE_7__.perf.mark is not a function
    at eval (webpack-internal:///./pages/_app.tsx:46:81)
🚀 快速訪問後 URL: http://localhost:3000/universal-game
✅ 快速訪問按鈕功能正常
📍 第9步：最終驗證和測試總結
🎉 UniversalContentEditor 主頁整合測試完成！
📊 測試結果總結:
   ✅ 主頁功能卡片存在且可點擊
   ✅ 快速訪問按鈕存在且可點擊
   ✅ 功能卡片正確跳轉到 /universal-game
   ✅ 快速訪問按鈕正確跳轉到 /universal-game
   ✅ 頁面導航流程完整
   ✅ 用戶體驗流暢
🎬 錄影證據已保存到 test-results/ 目錄

[[ATTACHMENT|universal-content-editor-h-0cdb5-ntentEditor主頁整合功能演示---從主頁開始-chromium\test-finished-1.png]]

[[ATTACHMENT|universal-content-editor-h-0cdb5-ntentEditor主頁整合功能演示---從主頁開始-chromium\video.webm]]
]]>
</system-out>
</testcase>
<testcase name="UniversalContentEditor 主頁整合錄影證明 › UniversalContentEditor主頁整合無障礙測試" classname="universal-content-editor-homepage-integration-video-proof.spec.js" time="3.343">
<system-out>
<![CDATA[♿ 開始 UniversalContentEditor 無障礙測試...
❌ 控制台錯誤: Failed to load resource: the server responded with a status of 404 (Not Found)
⌨️ 測試鍵盤導航到統一內容編輯器
♿ 無障礙測試完成

[[ATTACHMENT|universal-content-editor-h-14ead-ersalContentEditor主頁整合無障礙測試-chromium\test-finished-1.png]]

[[ATTACHMENT|universal-content-editor-h-14ead-ersalContentEditor主頁整合無障礙測試-chromium\video.webm]]
]]>
</system-out>
</testcase>
</testsuite>
</testsuites>